<?xml version="1.0" encoding="utf-8"?><testsuites name="pytest tests"><testsuite name="pytest" errors="0" failures="0" skipped="0" tests="5" time="3.754" timestamp="2026-06-25T09:19:46.343849+00:00" hostname="agent-env-b6515fca-3326-4fb9-8ac4-70eda280a496"><testcase classname="tests.test_coherence" name="test_dashboard_includes_installment_and_recurrence" time="1.305" /><testcase classname="tests.test_coherence" name="test_receivable_scoped_by_month" time="0.637" /><testcase classname="tests.test_coherence" name="test_transactions_unified_listing" time="0.681" /><testcase classname="tests.test_coherence" name="test_future_month_materializes_recurrence" time="0.657" /><testcase classname="tests.test_coherence" name="test_fixed_monthly_expense_is_normalized_average" time="0.400" /></testsuite></testsuites>