<?xml version="1.0" encoding="utf-8"?><testsuites name="pytest tests"><testsuite name="pytest" errors="0" failures="0" skipped="0" tests="4" time="1.689" timestamp="2026-06-25T08:32:01.343471+00:00" hostname="agent-env-b6515fca-3326-4fb9-8ac4-70eda280a496"><testcase classname="tests.test_fixed_monthly" name="test_dashboard_has_fixed_monthly_fields" time="0.581" /><testcase classname="tests.test_fixed_monthly" name="test_fixed_monthly_expense_normalization" time="0.444" /><testcase classname="tests.test_fixed_monthly" name="test_toggle_inactive_excluded_from_calc" time="0.349" /><testcase classname="tests.test_fixed_monthly" name="test_recurrent_tx_carries_marker_for_badge" time="0.243" /></testsuite></testsuites>