<?xml version="1.0" encoding="utf-8"?><testsuites name="pytest tests"><testsuite name="pytest" errors="0" failures="2" skipped="0" tests="4" time="2.378" timestamp="2026-07-14T13:00:59.889315+00:00" hostname="agent-env-bd05f5ee-6b9a-4025-b21a-23942890f418"><testcase classname="tests.test_freq_carryover" name="test_create_quarterly_recurrence" time="0.160"><failure message="AssertionError: {&quot;detail&quot;:[{&quot;type&quot;:&quot;missing&quot;,&quot;loc&quot;:[&quot;body&quot;,&quot;next_run&quot;],&quot;msg&quot;:&quot;Field required&quot;,&quot;input&quot;:{&quot;type&quot;:&quot;expense&quot;,&quot;amount&quot;:50,&quot;description&quot;:&quot;TEST_QuartRec&quot;,&quot;start_date&quot;:&quot;2026-07-14&quot;,&quot;frequency&quot;:&quot;quarterly&quot;,&quot;account_id&quot;:&quot;c9b5cdce-2ed9-44eb-9ee0-8b478244a010&quot;},&quot;url&quot;:&quot;https://errors.pydantic.dev/2.13/v/missing&quot;}]}&#10;assert 422 in (200, 201)&#10; +  where 422 = &lt;Response [422]&gt;.status_code">backend/tests/test_freq_carryover.py:39: in test_create_quarterly_recurrence
    assert r.status_code in (200, 201), r.text
E   AssertionError: {"detail":[{"type":"missing","loc":["body","next_run"],"msg":"Field required","input":{"type":"expense","amount":50,"description":"TEST_QuartRec","start_date":"2026-07-14","frequency":"quarterly","account_id":"c9b5cdce-2ed9-44eb-9ee0-8b478244a010"},"url":"https://errors.pydantic.dev/2.13/v/missing"}]}
E   assert 422 in (200, 201)
E    +  where 422 = &lt;Response [422]&gt;.status_code</failure></testcase><testcase classname="tests.test_freq_carryover" name="test_create_semiannual_recurrence" time="0.137"><failure message="AssertionError: {&quot;detail&quot;:[{&quot;type&quot;:&quot;missing&quot;,&quot;loc&quot;:[&quot;body&quot;,&quot;next_run&quot;],&quot;msg&quot;:&quot;Field required&quot;,&quot;input&quot;:{&quot;type&quot;:&quot;expense&quot;,&quot;amount&quot;:60,&quot;description&quot;:&quot;TEST_SemiRec&quot;,&quot;start_date&quot;:&quot;2026-07-14&quot;,&quot;frequency&quot;:&quot;semiannual&quot;,&quot;account_id&quot;:&quot;c9b5cdce-2ed9-44eb-9ee0-8b478244a010&quot;},&quot;url&quot;:&quot;https://errors.pydantic.dev/2.13/v/missing&quot;}]}&#10;assert 422 in (200, 201)&#10; +  where 422 = &lt;Response [422]&gt;.status_code">backend/tests/test_freq_carryover.py:57: in test_create_semiannual_recurrence
    assert r.status_code in (200, 201), r.text
E   AssertionError: {"detail":[{"type":"missing","loc":["body","next_run"],"msg":"Field required","input":{"type":"expense","amount":60,"description":"TEST_SemiRec","start_date":"2026-07-14","frequency":"semiannual","account_id":"c9b5cdce-2ed9-44eb-9ee0-8b478244a010"},"url":"https://errors.pydantic.dev/2.13/v/missing"}]}
E   assert 422 in (200, 201)
E    +  where 422 = &lt;Response [422]&gt;.status_code</failure></testcase><testcase classname="tests.test_freq_carryover" name="test_invalid_frequency_rejected" time="0.147" /><testcase classname="tests.test_freq_carryover" name="test_transactions_include_carryover_false_excludes_other_months" time="0.649" /></testsuite></testsuites>