<?xml version="1.0" encoding="utf-8"?><testsuites name="pytest tests"><testsuite name="pytest" errors="0" failures="0" skipped="0" tests="4" time="3.427" timestamp="2026-06-25T08:22:03.112838+00:00" hostname="agent-env-b6515fca-3326-4fb9-8ac4-70eda280a496"><testcase classname="tests.test_recurrence_bug.TestTodayRecurrence" name="test_today_creates_paid_and_appears_in_dashboard" time="1.359" /><testcase classname="tests.test_recurrence_bug.TestFutureSameMonth" name="test_future_day_current_month_creates_pending_and_appears_in_dashboard" time="1.614" /><testcase classname="tests.test_recurrence_bug.TestIdempotency" name="test_multiple_dashboard_and_tx_calls_do_not_duplicate" time="1.585" /><testcase classname="tests.test_recurrence_bug.TestNextMonthRecurrence" name="test_next_month_does_not_materialize_yet" time="0.781" /></testsuite></testsuites>