<?xml version="1.0" encoding="utf-8"?><testsuites name="pytest tests"><testsuite name="pytest" errors="0" failures="1" skipped="0" tests="13" time="6.856" timestamp="2026-06-24T07:05:00.530003+00:00" hostname="agent-env-8a3c23c9-bf4c-4fb6-97c7-21846ce026d8"><testcase classname="tests.test_backend" name="test_login_invalid" time="0.577" /><testcase classname="tests.test_backend" name="test_me_requires_token" time="0.132" /><testcase classname="tests.test_backend" name="test_me_ok" time="0.463" /><testcase classname="tests.test_backend" name="test_register_creates_user_with_defaults" time="0.552" /><testcase classname="tests.test_backend" name="test_dashboard" time="0.101" /><testcase classname="tests.test_backend" name="test_transactions_crud_and_privacy" time="0.890" /><testcase classname="tests.test_backend" name="test_installments_create_and_toggle" time="0.150"><failure message="assert 500 == 200&#10; +  where 500 = &lt;Response [500]&gt;.status_code">backend/tests/test_backend.py:101: in test_installments_create_and_toggle
    assert r.status_code == 200
E   assert 500 == 200
E    +  where 500 = &lt;Response [500]&gt;.status_code</failure></testcase><testcase classname="tests.test_backend" name="test_receivables" time="0.419" /><testcase classname="tests.test_backend" name="test_groups_privacy_and_create" time="0.299" /><testcase classname="tests.test_backend" name="test_shared_expenses_seed" time="0.533" /><testcase classname="tests.test_backend" name="test_settlements_wendy_creditor" time="0.206" /><testcase classname="tests.test_backend" name="test_shared_expense_create_equal" time="0.308" /><testcase classname="tests.test_backend" name="test_change_password_and_relogin" time="1.539" /></testsuite></testsuites>