<?xml version="1.0" encoding="utf-8"?><testsuites name="pytest tests"><testsuite name="pytest" errors="0" failures="1" skipped="0" tests="22" time="9.171" timestamp="2026-06-24T12:48:59.925951+00:00" hostname="agent-env-b6515fca-3326-4fb9-8ac4-70eda280a496"><testcase classname="tests.test_backend" name="test_login_invalid" time="0.470" /><testcase classname="tests.test_backend" name="test_me_requires_token" time="0.138" /><testcase classname="tests.test_backend" name="test_me_ok" time="0.423" /><testcase classname="tests.test_backend" name="test_register_creates_user_with_defaults" time="0.599" /><testcase classname="tests.test_backend" name="test_dashboard" time="0.137" /><testcase classname="tests.test_backend" name="test_transactions_crud_and_privacy" time="0.866" /><testcase classname="tests.test_backend" name="test_installments_create_and_toggle" time="0.427" /><testcase classname="tests.test_backend" name="test_receivables" time="0.439" /><testcase classname="tests.test_backend" name="test_groups_privacy_and_create" time="0.326" /><testcase classname="tests.test_backend" name="test_shared_expenses_seed" time="0.527" /><testcase classname="tests.test_backend" name="test_settlements_wendy_creditor" time="0.100"><failure message="assert 74.0 in [-25.0, 104.0]">backend/tests/test_backend.py:163: in test_settlements_wendy_creditor
    assert 74.0 in nets
E   assert 74.0 in [-25.0, 104.0]</failure></testcase><testcase classname="tests.test_backend" name="test_shared_expense_create_equal" time="0.341" /><testcase classname="tests.test_backend" name="test_change_password_and_relogin" time="1.540" /><testcase classname="tests.test_backend" name="test_reports_annual_yoy_structure" time="0.123" /><testcase classname="tests.test_backend" name="test_reports_projection_default_6" time="0.107" /><testcase classname="tests.test_backend" name="test_reports_projection_clamps_months" time="0.216" /><testcase classname="tests.test_backend" name="test_insights_returns_list" time="0.109" /><testcase classname="tests.test_backend" name="test_goals_full_crud_and_contribute" time="0.808" /><testcase classname="tests.test_backend" name="test_goals_update_nonexistent_returns_404" time="0.102" /><testcase classname="tests.test_backend" name="test_goals_contribute_nonexistent_returns_404" time="0.104" /><testcase classname="tests.test_backend" name="test_goals_require_auth" time="0.188" /><testcase classname="tests.test_backend" name="test_reports_and_insights_require_auth" time="0.302" /></testsuite></testsuites>