<?xml version="1.0" encoding="utf-8"?><testsuites name="pytest tests"><testsuite name="pytest" errors="0" failures="0" skipped="1" tests="9" time="2.145" timestamp="2026-06-25T10:10:05.797140+00:00" hostname="agent-env-b6515fca-3326-4fb9-8ac4-70eda280a496"><testcase classname="tests.test_wallets_budget.TestWalletsCRUD" name="test_create_savings_wallet_with_balance" time="0.683" /><testcase classname="tests.test_wallets_budget.TestBudgetByMonth" name="test_budget_current_month" time="0.737" /><testcase classname="tests.test_wallets_budget.TestWalletsCRUD" name="test_list_accounts_includes_balance" time="0.044" /><testcase classname="tests.test_wallets_budget.TestWalletsCRUD" name="test_edit_wallet_balance_and_type_investment" time="0.153" /><testcase classname="tests.test_wallets_budget.TestBudgetByMonth" name="test_budget_future_month_zero_income_ok" time="0.073" /><testcase classname="tests.test_wallets_budget.TestBudgetByMonth" name="test_budget_distinct_months_different_income" time="0.000"><skipped type="pytest.skip" message="no account from previous tests">/app/backend/tests/test_wallets_budget.py:154: no account from previous tests</skipped></testcase><testcase classname="tests.test_wallets_budget.TestWalletsCRUD" name="test_wallet_used_to_pay_expense_decreases_balance" time="0.166" /><testcase classname="tests.test_wallets_budget.TestWalletsCRUD" name="test_income_increases_balance" time="0.165" /><testcase classname="tests.test_wallets_budget.TestWalletsCRUD" name="test_delete_wallet" time="0.426" /></testsuite></testsuites>