<?xml version="1.0" encoding="utf-8"?><testsuites name="pytest tests"><testsuite name="pytest" errors="0" failures="0" skipped="0" tests="5" time="6.272" timestamp="2026-06-24T13:05:12.937009+00:00" hostname="agent-env-b6515fca-3326-4fb9-8ac4-70eda280a496"><testcase classname="tests.test_wave5" name="test_transactions_filter_month_year" time="1.155" /><testcase classname="tests.test_wave5" name="test_account_balance_computed" time="1.391" /><testcase classname="tests.test_wave5" name="test_recurrences_full_flow" time="1.256" /><testcase classname="tests.test_wave5" name="test_receipts_flow" time="1.537" /><testcase classname="tests.test_wave5" name="test_receipt_rejects_bad_type" time="0.409" /></testsuite></testsuites>